# JRE version: OpenJDK Runtime Environment Temurin-17.0.7+7 (17.0.7+7) (build 17.0.7+7)
# Java VM: OpenJDK 64-Bit Server VM Temurin-17.0.7+7 (17.0.7+7, mixed mode, emulated-client, tiered, compressed oops, compressed class ptrs, g1 gc, windows-amd64)
GC Precious Log:
 CPUs: 20 total, 20 available
 Memory: 32555M
 Large Page Support: Disabled
 NUMA Support: Disabled
 Compressed Oops: Enabled (32-bit)
 Heap Region Size: 1M
 Heap Min Capacity: 8M
 Heap Initial Capacity: 510M
 Heap Max Capacity: 1G
 Pre-touch: Disabled
 Parallel Workers: 15
 Concurrent Workers: 4
 Concurrent Refinement Workers: 15
 Periodic GC: Disabled
Heap:
 garbage-first heap   total 345088K, used 102362K [0x00000000c0000000, 0x0000000100000000)
  region size 1024K, 1 young (1024K), 0 survivors (0K)
 Metaspace       used 75006K, committed 75904K, reserved 1179648K
  class space    used 10276K, committed 10624K, reserved 1048576K
GC Heap History (20 events):
Event: 1997.259 GC heap after
{Heap after GC invocations=224 (full 142):
 garbage-first heap   total 345088K, used 102319K [0x00000000c0000000, 0x0000000100000000)
  region size 1024K, 0 young (0K), 0 survivors (0K)
 Metaspace       used 75006K, committed 75904K, reserved 1179648K
  class space    used 10276K, committed 10624K, reserved 1048576K
}
Event: 2007.344 GC heap before
{Heap before GC invocations=224 (full 142):
 garbage-first heap   total 345088K, used 102319K [0x00000000c0000000, 0x0000000100000000)
  region size 1024K, 1 young (1024K), 0 survivors (0K)
 Metaspace       used 75006K, committed 75904K, reserved 1179648K
  class space    used 10276K, committed 10624K, reserved 1048576K
}
Event: 2007.370 GC heap after
{Heap after GC invocations=225 (full 143):
 garbage-first heap   total 345088K, used 102319K [0x00000000c0000000, 0x0000000100000000)
  region size 1024K, 0 young (0K), 0 survivors (0K)
 Metaspace       used 75006K, committed 75904K, reserved 1179648K
  class space    used 10276K, committed 10624K, reserved 1048576K
}
Event: 2017.438 GC heap before
{Heap before GC invocations=225 (full 143):
 garbage-first heap   total 345088K, used 102319K [0x00000000c0000000, 0x0000000100000000)
  region size 1024K, 1 young (1024K), 0 survivors (0K)
 Metaspace       used 75006K, committed 75904K, reserved 1179648K
  class space    used 10276K, committed 10624K, reserved 1048576K
}
Event: 2017.464 GC heap after
{Heap after GC invocations=226 (full 144):
 garbage-first heap   total 345088K, used 102319K [0x00000000c0000000, 0x0000000100000000)
  region size 1024K, 0 young (0K), 0 survivors (0K)
 Metaspace       used 75006K, committed 75904K, reserved 1179648K
  class space    used 10276K, committed 10624K, reserved 1048576K
}
Event: 2027.540 GC heap before
{Heap before GC invocations=226 (full 144):
 garbage-first heap   total 345088K, used 102319K [0x00000000c0000000, 0x0000000100000000)
  region size 1024K, 1 young (1024K), 0 survivors (0K)
 Metaspace       used 75006K, committed 75904K, reserved 1179648K
  class space    used 10276K, committed 10624K, reserved 1048576K
}
Event: 2027.566 GC heap after
{Heap after GC invocations=227 (full 145):
 garbage-first heap   total 345088K, used 102319K [0x00000000c0000000, 0x0000000100000000)
  region size 1024K, 0 young (0K), 0 survivors (0K)
 Metaspace       used 75006K, committed 75904K, reserved 1179648K
  class space    used 10276K, committed 10624K, reserved 1048576K
}
Event: 2037.650 GC heap before
{Heap before GC invocations=227 (full 145):
 garbage-first heap   total 345088K, used 102319K [0x00000000c0000000, 0x0000000100000000)
  region size 1024K, 1 young (1024K), 0 survivors (0K)
 Metaspace       used 75006K, committed 75904K, reserved 1179648K
  class space    used 10276K, committed 10624K, reserved 1048576K
}
Event: 2037.675 GC heap after
{Heap after GC invocations=228 (full 146):
 garbage-first heap   total 345088K, used 102319K [0x00000000c0000000, 0x0000000100000000)
  region size 1024K, 0 young (0K), 0 survivors (0K)
 Metaspace       used 75006K, committed 75904K, reserved 1179648K
  class space    used 10276K, committed 10624K, reserved 1048576K
}
Event: 2047.753 GC heap before
{Heap before GC invocations=228 (full 146):
 garbage-first heap   total 345088K, used 102319K [0x00000000c0000000, 0x0000000100000000)
  region size 1024K, 1 young (1024K), 0 survivors (0K)
 Metaspace       used 75006K, committed 75904K, reserved 1179648K
  class space    used 10276K, committed 10624K, reserved 1048576K
}
Event: 2047.778 GC heap after
{Heap after GC invocations=229 (full 147):
 garbage-first heap   total 345088K, used 102319K [0x00000000c0000000, 0x0000000100000000)
  region size 1024K, 0 young (0K), 0 survivors (0K)
 Metaspace       used 75006K, committed 75904K, reserved 1179648K
  class space    used 10276K, committed 10624K, reserved 1048576K
}
Event: 2057.864 GC heap before
{Heap before GC invocations=229 (full 147):
 garbage-first heap   total 345088K, used 102319K [0x00000000c0000000, 0x0000000100000000)
  region size 1024K, 1 young (1024K), 0 survivors (0K)
 Metaspace       used 75006K, committed 75904K, reserved 1179648K
  class space    used 10276K, committed 10624K, reserved 1048576K
}
Event: 2057.889 GC heap after
{Heap after GC invocations=230 (full 148):
 garbage-first heap   total 345088K, used 102319K [0x00000000c0000000, 0x0000000100000000)
  region size 1024K, 0 young (0K), 0 survivors (0K)
 Metaspace       used 75006K, committed 75904K, reserved 1179648K
  class space    used 10276K, committed 10624K, reserved 1048576K
}
Event: 2067.963 GC heap before
{Heap before GC invocations=230 (full 148):
 garbage-first heap   total 345088K, used 102319K [0x00000000c0000000, 0x0000000100000000)
  region size 1024K, 1 young (1024K), 0 survivors (0K)
 Metaspace       used 75006K, committed 75904K, reserved 1179648K
  class space    used 10276K, committed 10624K, reserved 1048576K
}
Event: 2067.988 GC heap after
{Heap after GC invocations=231 (full 149):
 garbage-first heap   total 345088K, used 102319K [0x00000000c0000000, 0x0000000100000000)
  region size 1024K, 0 young (0K), 0 survivors (0K)
 Metaspace       used 75006K, committed 75904K, reserved 1179648K
  class space    used 10276K, committed 10624K, reserved 1048576K
}
Event: 2078.074 GC heap before
{Heap before GC invocations=231 (full 149):
 garbage-first heap   total 345088K, used 102319K [0x00000000c0000000, 0x0000000100000000)
  region size 1024K, 1 young (1024K), 0 survivors (0K)
 Metaspace       used 75006K, committed 75904K, reserved 1179648K
  class space    used 10276K, committed 10624K, reserved 1048576K
}
Event: 2078.099 GC heap after
{Heap after GC invocations=232 (full 150):
 garbage-first heap   total 345088K, used 102319K [0x00000000c0000000, 0x0000000100000000)
  region size 1024K, 0 young (0K), 0 survivors (0K)
 Metaspace       used 75006K, committed 75904K, reserved 1179648K
  class space    used 10276K, committed 10624K, reserved 1048576K
}
Event: 2088.183 GC heap before
{Heap before GC invocations=232 (full 150):
 garbage-first heap   total 345088K, used 102319K [0x00000000c0000000, 0x0000000100000000)
  region size 1024K, 1 young (1024K), 0 survivors (0K)
 Metaspace       used 75006K, committed 75904K, reserved 1179648K
  class space    used 10276K, committed 10624K, reserved 1048576K
}
Event: 2088.207 GC heap after
{Heap after GC invocations=233 (full 151):
 garbage-first heap   total 345088K, used 102319K [0x00000000c0000000, 0x0000000100000000)
  region size 1024K, 0 young (0K), 0 survivors (0K)
 Metaspace       used 75006K, committed 75904K, reserved 1179648K
  class space    used 10276K, committed 10624K, reserved 1048576K
}
Event: 2589.191 GC heap before
{Heap before GC invocations=233 (full 151):
 garbage-first heap   total 345088K, used 102319K [0x00000000c0000000, 0x0000000100000000)
  region size 1024K, 1 young (1024K), 0 survivors (0K)
 Metaspace       used 75006K, committed 75904K, reserved 1179648K
  class space    used 10276K, committed 10624K, reserved 1048576K
}

